[2025-08-28 09:18:28,409] INFO - 🚀 Starting preprocessing...
[2025-08-28 09:18:28,668] ERROR - ❌ Failed to load dataset: [Errno 2] No such file or directory: 'spotify_millsongdata.csv'
[2025-08-28 09:20:02,684] INFO - 🚀 Starting preprocessing...
[2025-08-28 09:20:03,735] INFO - ✅ Dataset loaded and sampled: 10000 rows
[2025-08-28 09:20:03,737] INFO - 🧹 Cleaning text...
[2025-08-28 09:23:53,062] INFO - 🚀 Starting preprocessing...
[2025-08-28 09:23:54,211] INFO - ✅ Dataset loaded and sampled: 10000 rows
[2025-08-28 09:23:54,219] INFO - 🧹 Cleaning text...
[2025-08-28 09:29:42,647] INFO - 🚀 Starting preprocessing...
[2025-08-28 09:29:43,989] INFO - ✅ Dataset loaded and sampled: 10000 rows
[2025-08-28 09:29:43,989] INFO - 🧹 Cleaning text...
[2025-08-28 09:29:50,802] INFO - ✅ Text cleaned.
[2025-08-28 09:29:50,802] INFO - 🔠 Vectorizing using TF-IDF...
[2025-08-28 09:29:51,771] INFO - ✅ TF-IDF matrix shape: (10000, 5000)
[2025-08-28 09:29:51,771] INFO - 📐 Calculating cosine similarity...
[2025-08-28 09:29:55,425] INFO - ✅ Cosine similarity matrix generated.
[2025-08-28 09:29:56,082] INFO - 💾 Data saved to disk.
[2025-08-28 09:29:56,082] INFO - ✅ Preprocessing complete.
[2026-06-15 17:11:08,063] INFO - 🚀 Starting preprocessing...
[2026-06-15 17:11:10,032] INFO - ✅ Dataset loaded and sampled: 10000 rows
[2026-06-15 17:11:10,063] INFO - 🧹 Cleaning text...
[2026-06-15 17:11:17,884] INFO - ✅ Text cleaned.
[2026-06-15 17:11:17,884] INFO - 🔠 Vectorizing using TF-IDF...
[2026-06-15 17:11:18,905] INFO - ✅ TF-IDF matrix shape: (10000, 5000)
[2026-06-15 17:11:18,905] INFO - 📐 Calculating cosine similarity...
[2026-06-15 17:11:23,083] INFO - ✅ Cosine similarity matrix generated.
[2026-06-15 17:11:23,897] INFO - 💾 Data saved to disk.
[2026-06-15 17:11:23,897] INFO - ✅ Preprocessing complete.
[2026-06-15 17:17:49,542] INFO - 🚀 Starting preprocessing...
[2026-06-15 17:17:50,767] INFO - ✅ Dataset loaded and sampled: 3000 rows
[2026-06-15 17:17:50,769] INFO - 🧹 Cleaning text...
[2026-06-15 17:17:52,935] INFO - ✅ Text cleaned.
[2026-06-15 17:17:52,940] INFO - 🔠 Vectorizing using TF-IDF...
[2026-06-15 17:17:53,277] INFO - ✅ TF-IDF matrix shape: (3000, 5000)
[2026-06-15 17:17:53,277] INFO - 📐 Calculating cosine similarity...
[2026-06-15 17:17:53,674] INFO - ✅ Cosine similarity matrix generated.
[2026-06-15 17:17:53,796] INFO - 💾 Data saved to disk.
[2026-06-15 17:17:53,796] INFO - ✅ Preprocessing complete.
